<?xml version="1.0" encoding="UTF-8"?>
<!-- Generated by org.testng.reporters.JUnitXMLReporter -->
<testsuite ignored="1" hostname="SSI-WAFZAL-LLP" failures="0" tests="1" name="Error Validation Test" time="23.583" errors="0" timestamp="2024-08-18T20:12:36 PKT">
  <testcase classname="rahulshetty.tests.ErrorValidationTest" name="invalidOrder" time="15.779"/>
  <testcase classname="rahulshetty.tests.ErrorValidationTest" name="submitOrder" time="0.0">
    <ignored/>
  </testcase> <!-- submitOrder -->
</testsuite> <!-- Error Validation Test -->
