<?xml version="1.0" encoding="UTF-8"?>
<!-- Generated by org.testng.reporters.JUnitXMLReporter -->
<testsuite ignored="2" hostname="SSI-WAFZAL-LLP" failures="0" tests="0" time="0.016" errors="0" timestamp="2024-08-18T20:12:13 PKT">
  <testcase classname="rahulshetty.tests.SubmitOrder" name="submitOrder" time="0.0">
    <ignored/>
  </testcase> <!-- submitOrder -->
  <testcase classname="rahulshetty.tests.SubmitOrder" name="OrderHistory" time="0.0">
    <ignored/>
  </testcase> <!-- OrderHistory -->
</testsuite>
