<?xml version="1.0" encoding="UTF-8"?>
<testng-results ignored="0" total="1" passed="1" failed="0" skipped="0">
  <reporter-output>
  </reporter-output>
  <suite started-at="2024-08-11T16:54:47 PKT" name="Surefire suite" finished-at="2024-08-11T16:55:10 PKT" duration-ms="22523">
    <groups>
      <group name="cucumber">
        <method signature="AbstractTestNGCucumberTests.runScenario(io.cucumber.testng.PickleWrapper,io.cucumber.testng.FeatureWrapper)[pri:0, instance:cucumber.TestNGTestRunner@4f209819]" name="runScenario" class="io.cucumber.testng.AbstractTestNGCucumberTests"/>
      </group> <!-- cucumber -->
    </groups>
    <test started-at="2024-08-11T16:54:47 PKT" name="Surefire test" finished-at="2024-08-11T16:55:10 PKT" duration-ms="22523">
      <class name="cucumber.TestNGTestRunner">
        <test-method is-config="true" signature="setUpClass(org.testng.ITestContext)[pri:0, instance:cucumber.TestNGTestRunner@4f209819]" started-at="2024-08-11T16:54:47 PKT" name="setUpClass" finished-at="2024-08-11T16:54:48 PKT" duration-ms="1013" status="PASS">
          <params>
            <param index="0">
              <value>
                <![CDATA[org.testng.TestRunner@3743539f]]>
              </value>
            </param>
          </params>
          <reporter-output>
          </reporter-output>
        </test-method> <!-- setUpClass -->
        <test-method signature="runScenario(io.cucumber.testng.PickleWrapper,io.cucumber.testng.FeatureWrapper)[pri:0, instance:cucumber.TestNGTestRunner@4f209819]" started-at="2024-08-11T16:54:48 PKT" name="runScenario" description="Runs Cucumber Scenarios" data-provider="scenarios" finished-at="2024-08-11T16:55:10 PKT" duration-ms="21276" status="PASS">
          <params>
            <param index="0">
              <value>
                <![CDATA["Submit Purchase Order with Positive Data"]]>
              </value>
            </param>
            <param index="1">
              <value>
                <![CDATA["Purchase the Order from Ecommerce Website"]]>
              </value>
            </param>
          </params>
          <reporter-output>
          </reporter-output>
        </test-method> <!-- runScenario -->
        <test-method is-config="true" signature="tearDownClass()[pri:0, instance:cucumber.TestNGTestRunner@4f209819]" started-at="2024-08-11T16:55:10 PKT" name="tearDownClass" finished-at="2024-08-11T16:55:10 PKT" duration-ms="168" status="PASS">
          <reporter-output>
          </reporter-output>
        </test-method> <!-- tearDownClass -->
      </class> <!-- cucumber.TestNGTestRunner -->
    </test> <!-- Surefire test -->
  </suite> <!-- Surefire suite -->
</testng-results>
