<?xml version="1.0" encoding="UTF-8"?>
<!-- Generated by org.testng.reporters.JUnitXMLReporter -->
<testsuite ignored="1" hostname="SSI-WAFZAL-LLP" failures="0" tests="1" name="Error Validation Test" time="24.729" errors="0" timestamp="2024-08-11T16:40:15 PKT">
  <testcase classname="rahulshetty.tests.ErrorValidationTest" name="invalidOrder" time="15.761"/>
  <testcase classname="rahulshetty.tests.ErrorValidationTest" name="submitOrder" time="0.0">
    <ignored/>
  </testcase> <!-- submitOrder -->
</testsuite> <!-- Error Validation Test -->
